This file contains any messages produced by compilers while
running configure, to aid debugging if configure makes a mistake.

It was created by autotools configure 0.1, which was
generated by GNU Autoconf 2.69.  Invocation command line was

  $ ./configure 

## --------- ##
## Platform. ##
## --------- ##

hostname = tdell122.ensieta.ecole
uname -m = x86_64
uname -r = 3.10.0-327.36.3.el7.x86_64
uname -s = Linux
uname -v = #1 SMP Mon Oct 24 16:09:20 UTC 2016

/usr/bin/uname -p = x86_64
/bin/uname -X     = unknown

/bin/arch              = x86_64
/usr/bin/arch -k       = unknown
/usr/convex/getsysinfo = unknown
/usr/bin/hostinfo      = unknown
/bin/machine           = unknown
/usr/bin/oslevel       = unknown
/bin/universe          = unknown

PATH: /opt/numeca/bin
PATH: /usr/local/rvm/gems/ruby-2.3.1/bin
PATH: /usr/local/rvm/gems/ruby-2.3.1@global/bin
PATH: /usr/local/rvm/rubies/ruby-2.3.1/bin
PATH: /usr/lib64/qt-3.3/bin
PATH: /home23/solayo/perl5/bin
PATH: /usr/local/bin
PATH: /usr/local/sbin
PATH: /usr/bin
PATH: /usr/sbin
PATH: /bin
PATH: /sbin
PATH: /opt/IVS7/bin
PATH: /usr/local/rvm/bin
PATH: .
PATH: /home23/solayo
PATH: /home23/solayo/bin
PATH: /opt/gmsh-2.10.1-Linux/bin
PATH: /opt/IVS7/bin
PATH: /opt/gmsh-2.10.1-Linux/bin


## ----------- ##
## Core tests. ##
## ----------- ##

configure:2252: checking for a BSD-compatible install
configure:2320: result: /usr/bin/install -c
configure:2331: checking whether build environment is sane
configure:2386: result: yes
configure:2537: checking for a thread-safe mkdir -p
configure:2576: result: /usr/bin/mkdir -p
configure:2583: checking for gawk
configure:2599: found /usr/bin/gawk
configure:2610: result: gawk
configure:2621: checking whether make sets $(MAKE)
configure:2643: result: yes
configure:2672: checking whether make supports nested variables
configure:2689: result: yes
configure:2785: checking for style of include used by make
configure:2813: result: GNU
configure:2884: checking for gcc
configure:2900: found /usr/bin/gcc
configure:2911: result: gcc
configure:3140: checking for C compiler version
configure:3149: gcc --version >&5
gcc (GCC) 4.8.5 20150623 (Red Hat 4.8.5-4)
Copyright (C) 2015 Free Software Foundation, Inc.
This is free software; see the source for copying conditions.  There is NO
warranty; not even for MERCHANTABILITY or FITNESS FOR A PARTICULAR PURPOSE.

configure:3160: $? = 0
configure:3149: gcc -v >&5
Using built-in specs.
COLLECT_GCC=gcc
COLLECT_LTO_WRAPPER=/usr/libexec/gcc/x86_64-redhat-linux/4.8.5/lto-wrapper
Target: x86_64-redhat-linux
Configured with: ../configure --prefix=/usr --mandir=/usr/share/man --infodir=/usr/share/info --with-bugurl=http://bugzilla.redhat.com/bugzilla --enable-bootstrap --enable-shared --enable-threads=posix --enable-checking=release --with-system-zlib --enable-__cxa_atexit --disable-libunwind-exceptions --enable-gnu-unique-object --enable-linker-build-id --with-linker-hash-style=gnu --enable-languages=c,c++,objc,obj-c++,java,fortran,ada,go,lto --enable-plugin --enable-initfini-array --disable-libgcj --with-isl=/builddir/build/BUILD/gcc-4.8.5-20150702/obj-x86_64-redhat-linux/isl-install --with-cloog=/builddir/build/BUILD/gcc-4.8.5-20150702/obj-x86_64-redhat-linux/cloog-install --enable-gnu-indirect-function --with-tune=generic --with-arch_32=x86-64 --build=x86_64-redhat-linux
Thread model: posix
gcc version 4.8.5 20150623 (Red Hat 4.8.5-4) (GCC) 
configure:3160: $? = 0
configure:3149: gcc -V >&5
gcc: error: unrecognized command line option '-V'
gcc: fatal error: no input files
compilation terminated.
configure:3160: $? = 4
configure:3149: gcc -qversion >&5
gcc: error: unrecognized command line option '-qversion'
gcc: fatal error: no input files
compilation terminated.
configure:3160: $? = 4
configure:3180: checking whether the C compiler works
configure:3202: gcc    conftest.c  >&5
configure:3206: $? = 0
configure:3254: result: yes
configure:3257: checking for C compiler default output file name
configure:3259: result: a.out
configure:3265: checking for suffix of executables
configure:3272: gcc -o conftest    conftest.c  >&5
configure:3276: $? = 0
configure:3298: result: 
configure:3320: checking whether we are cross compiling
configure:3328: gcc -o conftest    conftest.c  >&5
configure:3332: $? = 0
configure:3339: ./conftest
configure:3343: $? = 0
configure:3358: result: no
configure:3363: checking for suffix of object files
configure:3385: gcc -c   conftest.c >&5
configure:3389: $? = 0
configure:3410: result: o
configure:3414: checking whether we are using the GNU C compiler
configure:3433: gcc -c   conftest.c >&5
configure:3433: $? = 0
configure:3442: result: yes
configure:3451: checking whether gcc accepts -g
configure:3471: gcc -c -g  conftest.c >&5
configure:3471: $? = 0
configure:3512: result: yes
configure:3529: checking for gcc option to accept ISO C89
configure:3592: gcc  -c -g -O2  conftest.c >&5
configure:3592: $? = 0
configure:3605: result: none needed
configure:3627: checking dependency style of gcc
configure:3738: result: gcc3
configure:3803: checking for ar
configure:3819: found /usr/bin/ar
configure:3830: result: ar
configure:3856: checking the archiver (ar) interface
configure:3866: gcc -c -g -O2  conftest.c >&5
configure:3866: $? = 0
configure:3868: ar cru libconftest.a conftest.o >&5
configure:3871: $? = 0
configure:3894: result: ar
configure:3947: checking build system type
configure:3961: result: x86_64-unknown-linux-gnu
configure:3981: checking host system type
configure:3994: result: x86_64-unknown-linux-gnu
configure:4035: checking how to print strings
configure:4062: result: printf
configure:4083: checking for a sed that does not truncate output
configure:4147: result: /usr/bin/sed
configure:4165: checking for grep that handles long lines and -e
configure:4223: result: /usr/bin/grep
configure:4228: checking for egrep
configure:4290: result: /usr/bin/grep -E
configure:4295: checking for fgrep
configure:4357: result: /usr/bin/grep -F
configure:4392: checking for ld used by gcc
configure:4459: result: /usr/bin/ld
configure:4466: checking if the linker (/usr/bin/ld) is GNU ld
configure:4481: result: yes
configure:4493: checking for BSD- or MS-compatible name lister (nm)
configure:4542: result: /usr/bin/nm -B
configure:4672: checking the name lister (/usr/bin/nm -B) interface
configure:4679: gcc -c -g -O2  conftest.c >&5
configure:4682: /usr/bin/nm -B "conftest.o"
configure:4685: output
0000000000000000 B some_variable
configure:4692: result: BSD nm
configure:4695: checking whether ln -s works
configure:4699: result: yes
configure:4707: checking the maximum length of command line arguments
configure:4837: result: 1572864
configure:4854: checking whether the shell understands some XSI constructs
configure:4864: result: yes
configure:4868: checking whether the shell understands "+="
configure:4874: result: yes
configure:4909: checking how to convert x86_64-unknown-linux-gnu file names to x86_64-unknown-linux-gnu format
configure:4949: result: func_convert_file_noop
configure:4956: checking how to convert x86_64-unknown-linux-gnu file names to toolchain format
configure:4976: result: func_convert_file_noop
configure:4983: checking for /usr/bin/ld option to reload object files
configure:4990: result: -r
configure:5064: checking for objdump
configure:5080: found /usr/bin/objdump
configure:5091: result: objdump
configure:5123: checking how to recognize dependent libraries
configure:5325: result: pass_all
configure:5410: checking for dlltool
configure:5440: result: no
configure:5470: checking how to associate runtime and link libraries
configure:5497: result: printf %s\n
configure:5621: checking for archiver @FILE support
configure:5638: gcc -c -g -O2  conftest.c >&5
configure:5638: $? = 0
configure:5641: ar cru libconftest.a @conftest.lst >&5
configure:5644: $? = 0
configure:5649: ar cru libconftest.a @conftest.lst >&5
ar: conftest.o: No such file or directory
configure:5652: $? = 1
configure:5664: result: @
configure:5722: checking for strip
configure:5738: found /usr/bin/strip
configure:5749: result: strip
configure:5821: checking for ranlib
configure:5837: found /usr/bin/ranlib
configure:5848: result: ranlib
configure:5950: checking command to parse /usr/bin/nm -B output from gcc object
configure:6070: gcc -c -g -O2  conftest.c >&5
configure:6073: $? = 0
configure:6077: /usr/bin/nm -B conftest.o \| sed -n -e 's/^.*[ ]\([ABCDGIRSTW][ABCDGIRSTW]*\)[ ][ ]*\([_A-Za-z][_A-Za-z0-9]*\)$/\1 \2 \2/p' | sed '/ __gnu_lto/d' \> conftest.nm
configure:6080: $? = 0
configure:6146: gcc -o conftest -g -O2   conftest.c conftstm.o >&5
configure:6149: $? = 0
configure:6187: result: ok
configure:6224: checking for sysroot
configure:6254: result: no
configure:6331: gcc -c -g -O2  conftest.c >&5
configure:6334: $? = 0
configure:6510: checking for mt
configure:6540: result: no
configure:6560: checking if : is a manifest tool
configure:6566: : '-?'
configure:6574: result: no
configure:7216: checking how to run the C preprocessor
configure:7247: gcc -E  conftest.c
configure:7247: $? = 0
configure:7261: gcc -E  conftest.c
conftest.c:11:28: fatal error: ac_nonexistent.h: No such file or directory
 #include <ac_nonexistent.h>
                            ^
compilation terminated.
configure:7261: $? = 1
configure: failed program was:
| /* confdefs.h */
| #define PACKAGE_NAME "autotools"
| #define PACKAGE_TARNAME "autotools"
| #define PACKAGE_VERSION "0.1"
| #define PACKAGE_STRING "autotools 0.1"
| #define PACKAGE_BUGREPORT "blottiere.paul@gmail.com"
| #define PACKAGE_URL ""
| #define PACKAGE "autotools"
| #define VERSION "0.1"
| /* end confdefs.h.  */
| #include <ac_nonexistent.h>
configure:7286: result: gcc -E
configure:7306: gcc -E  conftest.c
configure:7306: $? = 0
configure:7320: gcc -E  conftest.c
conftest.c:11:28: fatal error: ac_nonexistent.h: No such file or directory
 #include <ac_nonexistent.h>
                            ^
compilation terminated.
configure:7320: $? = 1
configure: failed program was:
| /* confdefs.h */
| #define PACKAGE_NAME "autotools"
| #define PACKAGE_TARNAME "autotools"
| #define PACKAGE_VERSION "0.1"
| #define PACKAGE_STRING "autotools 0.1"
| #define PACKAGE_BUGREPORT "blottiere.paul@gmail.com"
| #define PACKAGE_URL ""
| #define PACKAGE "autotools"
| #define VERSION "0.1"
| /* end confdefs.h.  */
| #include <ac_nonexistent.h>
configure:7349: checking for ANSI C header files
configure:7369: gcc -c -g -O2  conftest.c >&5
configure:7369: $? = 0
configure:7442: gcc -o conftest -g -O2   conftest.c  >&5
configure:7442: $? = 0
configure:7442: ./conftest
configure:7442: $? = 0
configure:7453: result: yes
configure:7466: checking for sys/types.h
configure:7466: gcc -c -g -O2  conftest.c >&5
configure:7466: $? = 0
configure:7466: result: yes
configure:7466: checking for sys/stat.h
configure:7466: gcc -c -g -O2  conftest.c >&5
configure:7466: $? = 0
configure:7466: result: yes
configure:7466: checking for stdlib.h
configure:7466: gcc -c -g -O2  conftest.c >&5
configure:7466: $? = 0
configure:7466: result: yes
configure:7466: checking for string.h
configure:7466: gcc -c -g -O2  conftest.c >&5
configure:7466: $? = 0
configure:7466: result: yes
configure:7466: checking for memory.h
configure:7466: gcc -c -g -O2  conftest.c >&5
configure:7466: $? = 0
configure:7466: result: yes
configure:7466: checking for strings.h
configure:7466: gcc -c -g -O2  conftest.c >&5
configure:7466: $? = 0
configure:7466: result: yes
configure:7466: checking for inttypes.h
configure:7466: gcc -c -g -O2  conftest.c >&5
configure:7466: $? = 0
configure:7466: result: yes
configure:7466: checking for stdint.h
configure:7466: gcc -c -g -O2  conftest.c >&5
configure:7466: $? = 0
configure:7466: result: yes
configure:7466: checking for unistd.h
configure:7466: gcc -c -g -O2  conftest.c >&5
configure:7466: $? = 0
configure:7466: result: yes
configure:7480: checking for dlfcn.h
configure:7480: gcc -c -g -O2  conftest.c >&5
configure:7480: $? = 0
configure:7480: result: yes
configure:7686: checking for objdir
configure:7701: result: .libs
configure:7972: checking if gcc supports -fno-rtti -fno-exceptions
configure:7990: gcc -c -g -O2  -fno-rtti -fno-exceptions conftest.c >&5
cc1: warning: command line option '-fno-rtti' is valid for C++/ObjC++ but not for C [enabled by default]
configure:7994: $? = 0
configure:8007: result: no
configure:8334: checking for gcc option to produce PIC
configure:8341: result: -fPIC -DPIC
configure:8349: checking if gcc PIC flag -fPIC -DPIC works
configure:8367: gcc -c -g -O2  -fPIC -DPIC -DPIC conftest.c >&5
configure:8371: $? = 0
configure:8384: result: yes
configure:8413: checking if gcc static flag -static works
configure:8441: result: no
configure:8456: checking if gcc supports -c -o file.o
configure:8477: gcc -c -g -O2  -o out/conftest2.o conftest.c >&5
configure:8481: $? = 0
configure:8503: result: yes
configure:8511: checking if gcc supports -c -o file.o
configure:8558: result: yes
configure:8591: checking whether the gcc linker (/usr/bin/ld -m elf_x86_64) supports shared libraries
configure:9744: result: yes
configure:9781: checking whether -lc should be explicitly linked in
configure:9789: gcc -c -g -O2  conftest.c >&5
configure:9792: $? = 0
configure:9807: gcc -shared  -fPIC -DPIC conftest.o  -v -Wl,-soname -Wl,conftest -o conftest 2\>\&1 \| /usr/bin/grep  -lc  \>/dev/null 2\>\&1
configure:9810: $? = 0
configure:9824: result: no
configure:9984: checking dynamic linker characteristics
configure:10495: gcc -o conftest -g -O2   -Wl,-rpath -Wl,/foo conftest.c  >&5
configure:10495: $? = 0
configure:10721: result: GNU/Linux ld.so
configure:10828: checking how to hardcode library paths into programs
configure:10853: result: immediate
configure:11393: checking whether stripping libraries is possible
configure:11398: result: yes
configure:11433: checking if libtool supports shared libraries
configure:11435: result: yes
configure:11438: checking whether to build shared libraries
configure:11459: result: yes
configure:11462: checking whether to build static libraries
configure:11466: result: yes
configure:11533: checking sys/socket.h usability
configure:11533: gcc -c -g -O2  conftest.c >&5
configure:11533: $? = 0
configure:11533: result: yes
configure:11533: checking sys/socket.h presence
configure:11533: gcc -E  conftest.c
configure:11533: $? = 0
configure:11533: result: yes
configure:11533: checking for sys/socket.h
configure:11533: result: yes
configure:11655: checking that generated files are newer than configure
configure:11661: result: done
configure:11684: creating ./config.status

## ---------------------- ##
## Running config.status. ##
## ---------------------- ##

This file was extended by autotools config.status 0.1, which was
generated by GNU Autoconf 2.69.  Invocation command line was

  CONFIG_FILES    = 
  CONFIG_HEADERS  = 
  CONFIG_LINKS    = 
  CONFIG_COMMANDS = 
  $ ./config.status 

on tdell122.ensieta.ecole

config.status:1080: creating Makefile
config.status:1080: creating config.h
config.status:1309: executing depfiles commands
config.status:1309: executing libtool commands
configure:13922:

------------------------------------------------------------------------
  autotools 0.1 - Configuration Report
------------------------------------------------------------------------

 prefix:            /usr/local
 exec-prefix:       ${prefix}
 bin path:          ${exec_prefix}/bin
 lib path:          ${exec_prefix}/lib
 include path:      ${prefix}/include
 etc path:          ${prefix}/etc
 data path:         ${prefix}/share


## ---------------- ##
## Cache variables. ##
## ---------------- ##

ac_cv_build=x86_64-unknown-linux-gnu
ac_cv_c_compiler_gnu=yes
ac_cv_env_CC_set=
ac_cv_env_CC_value=
ac_cv_env_CFLAGS_set=
ac_cv_env_CFLAGS_value=
ac_cv_env_CPPFLAGS_set=
ac_cv_env_CPPFLAGS_value=
ac_cv_env_CPP_set=
ac_cv_env_CPP_value=
ac_cv_env_LDFLAGS_set=
ac_cv_env_LDFLAGS_value=
ac_cv_env_LIBS_set=
ac_cv_env_LIBS_value=
ac_cv_env_build_alias_set=
ac_cv_env_build_alias_value=
ac_cv_env_host_alias_set=
ac_cv_env_host_alias_value=
ac_cv_env_target_alias_set=
ac_cv_env_target_alias_value=
ac_cv_header_dlfcn_h=yes
ac_cv_header_inttypes_h=yes
ac_cv_header_memory_h=yes
ac_cv_header_stdc=yes
ac_cv_header_stdint_h=yes
ac_cv_header_stdlib_h=yes
ac_cv_header_string_h=yes
ac_cv_header_strings_h=yes
ac_cv_header_sys_socket_h=yes
ac_cv_header_sys_stat_h=yes
ac_cv_header_sys_types_h=yes
ac_cv_header_unistd_h=yes
ac_cv_host=x86_64-unknown-linux-gnu
ac_cv_objext=o
ac_cv_path_EGREP='/usr/bin/grep -E'
ac_cv_path_FGREP='/usr/bin/grep -F'
ac_cv_path_GREP=/usr/bin/grep
ac_cv_path_SED=/usr/bin/sed
ac_cv_path_install='/usr/bin/install -c'
ac_cv_path_mkdir=/usr/bin/mkdir
ac_cv_prog_AWK=gawk
ac_cv_prog_CPP='gcc -E'
ac_cv_prog_ac_ct_AR=ar
ac_cv_prog_ac_ct_CC=gcc
ac_cv_prog_ac_ct_OBJDUMP=objdump
ac_cv_prog_ac_ct_RANLIB=ranlib
ac_cv_prog_ac_ct_STRIP=strip
ac_cv_prog_cc_c89=
ac_cv_prog_cc_g=yes
ac_cv_prog_make_make_set=yes
am_cv_CC_dependencies_compiler_type=gcc3
am_cv_ar_interface=ar
am_cv_make_support_nested_variables=yes
lt_cv_ar_at_file=@
lt_cv_archive_cmds_need_lc=no
lt_cv_deplibs_check_method=pass_all
lt_cv_file_magic_cmd='$MAGIC_CMD'
lt_cv_file_magic_test_file=
lt_cv_ld_reload_flag=-r
lt_cv_nm_interface='BSD nm'
lt_cv_objdir=.libs
lt_cv_path_LD=/usr/bin/ld
lt_cv_path_NM='/usr/bin/nm -B'
lt_cv_path_mainfest_tool=no
lt_cv_prog_compiler_c_o=yes
lt_cv_prog_compiler_pic='-fPIC -DPIC'
lt_cv_prog_compiler_pic_works=yes
lt_cv_prog_compiler_rtti_exceptions=no
lt_cv_prog_compiler_static_works=no
lt_cv_prog_gnu_ld=yes
lt_cv_sharedlib_from_linklib_cmd='printf %s\n'
lt_cv_shlibpath_overrides_runpath=no
lt_cv_sys_global_symbol_pipe='sed -n -e '\''s/^.*[	 ]\([ABCDGIRSTW][ABCDGIRSTW]*\)[	 ][	 ]*\([_A-Za-z][_A-Za-z0-9]*\)$/\1 \2 \2/p'\'' | sed '\''/ __gnu_lto/d'\'''
lt_cv_sys_global_symbol_to_c_name_address='sed -n -e '\''s/^: \([^ ]*\)[ ]*$/  {\"\1\", (void *) 0},/p'\'' -e '\''s/^[ABCDGIRSTW]* \([^ ]*\) \([^ ]*\)$/  {"\2", (void *) \&\2},/p'\'''
lt_cv_sys_global_symbol_to_c_name_address_lib_prefix='sed -n -e '\''s/^: \([^ ]*\)[ ]*$/  {\"\1\", (void *) 0},/p'\'' -e '\''s/^[ABCDGIRSTW]* \([^ ]*\) \(lib[^ ]*\)$/  {"\2", (void *) \&\2},/p'\'' -e '\''s/^[ABCDGIRSTW]* \([^ ]*\) \([^ ]*\)$/  {"lib\2", (void *) \&\2},/p'\'''
lt_cv_sys_global_symbol_to_cdecl='sed -n -e '\''s/^T .* \(.*\)$/extern int \1();/p'\'' -e '\''s/^[ABCDGIRSTW]* .* \(.*\)$/extern char \1;/p'\'''
lt_cv_sys_max_cmd_len=1572864
lt_cv_to_host_file_cmd=func_convert_file_noop
lt_cv_to_tool_file_cmd=func_convert_file_noop

## ----------------- ##
## Output variables. ##
## ----------------- ##

ACLOCAL='${SHELL} /home23/solayo/5.2-Linux_Embarque/1.2/embsys/labs/4_armadeus/src/autotools/config/missing aclocal-1.13'
AMDEPBACKSLASH='\'
AMDEP_FALSE='#'
AMDEP_TRUE=''
AMTAR='$${TAR-tar}'
AM_BACKSLASH='\'
AM_DEFAULT_V='$(AM_DEFAULT_VERBOSITY)'
AM_DEFAULT_VERBOSITY='1'
AM_V='$(V)'
AR='ar'
AUTOCONF='${SHELL} /home23/solayo/5.2-Linux_Embarque/1.2/embsys/labs/4_armadeus/src/autotools/config/missing autoconf'
AUTOHEADER='${SHELL} /home23/solayo/5.2-Linux_Embarque/1.2/embsys/labs/4_armadeus/src/autotools/config/missing autoheader'
AUTOMAKE='${SHELL} /home23/solayo/5.2-Linux_Embarque/1.2/embsys/labs/4_armadeus/src/autotools/config/missing automake-1.13'
AWK='gawk'
CC='gcc'
CCDEPMODE='depmode=gcc3'
CFLAGS='-g -O2'
CPP='gcc -E'
CPPFLAGS=''
CYGPATH_W='echo'
DEFS='-DHAVE_CONFIG_H'
DEPDIR='.deps'
DLLTOOL='false'
DSYMUTIL=''
DUMPBIN=''
ECHO_C=''
ECHO_N='-n'
ECHO_T=''
EGREP='/usr/bin/grep -E'
EXEEXT=''
FGREP='/usr/bin/grep -F'
GREP='/usr/bin/grep'
INSTALL_DATA='${INSTALL} -m 644'
INSTALL_PROGRAM='${INSTALL}'
INSTALL_SCRIPT='${INSTALL}'
INSTALL_STRIP_PROGRAM='$(install_sh) -c -s'
LD='/usr/bin/ld -m elf_x86_64'
LDFLAGS=''
LIBOBJS=''
LIBS=''
LIBTOOL='$(SHELL) $(top_builddir)/libtool'
LIPO=''
LN_S='ln -s'
LTLIBOBJS=''
MAKEINFO='${SHELL} /home23/solayo/5.2-Linux_Embarque/1.2/embsys/labs/4_armadeus/src/autotools/config/missing makeinfo'
MANIFEST_TOOL=':'
MKDIR_P='/usr/bin/mkdir -p'
NM='/usr/bin/nm -B'
NMEDIT=''
OBJDUMP='objdump'
OBJEXT='o'
OTOOL64=''
OTOOL=''
PACKAGE='autotools'
PACKAGE_BUGREPORT='blottiere.paul@gmail.com'
PACKAGE_NAME='autotools'
PACKAGE_STRING='autotools 0.1'
PACKAGE_TARNAME='autotools'
PACKAGE_URL=''
PACKAGE_VERSION='0.1'
PATH_SEPARATOR=':'
RANLIB='ranlib'
SED='/usr/bin/sed'
SET_MAKE=''
SHELL='/bin/sh'
STRIP='strip'
VERSION='0.1'
ac_ct_AR='ar'
ac_ct_CC='gcc'
ac_ct_DUMPBIN=''
am__EXEEXT_FALSE=''
am__EXEEXT_TRUE='#'
am__fastdepCC_FALSE='#'
am__fastdepCC_TRUE=''
am__include='include'
am__isrc=''
am__leading_dot='.'
am__nodep='_no'
am__quote=''
am__tar='$${TAR-tar} chof - "$$tardir"'
am__untar='$${TAR-tar} xf -'
bindir='${exec_prefix}/bin'
build='x86_64-unknown-linux-gnu'
build_alias=''
build_cpu='x86_64'
build_os='linux-gnu'
build_vendor='unknown'
datadir='${datarootdir}'
datarootdir='${prefix}/share'
docdir='${datarootdir}/doc/${PACKAGE_TARNAME}'
dvidir='${docdir}'
exec_prefix='${prefix}'
host='x86_64-unknown-linux-gnu'
host_alias=''
host_cpu='x86_64'
host_os='linux-gnu'
host_vendor='unknown'
htmldir='${docdir}'
includedir='${prefix}/include'
infodir='${datarootdir}/info'
install_sh='${SHELL} /home23/solayo/5.2-Linux_Embarque/1.2/embsys/labs/4_armadeus/src/autotools/config/install-sh'
libdir='${exec_prefix}/lib'
libexecdir='${exec_prefix}/libexec'
localedir='${datarootdir}/locale'
localstatedir='${prefix}/var'
mandir='${datarootdir}/man'
mkdir_p='$(MKDIR_P)'
oldincludedir='/usr/include'
pdfdir='${docdir}'
prefix='/usr/local'
program_transform_name='s,x,x,'
psdir='${docdir}'
sbindir='${exec_prefix}/sbin'
sharedstatedir='${prefix}/com'
sysconfdir='${prefix}/etc'
target_alias=''

## ----------- ##
## confdefs.h. ##
## ----------- ##

/* confdefs.h */
#define PACKAGE_NAME "autotools"
#define PACKAGE_TARNAME "autotools"
#define PACKAGE_VERSION "0.1"
#define PACKAGE_STRING "autotools 0.1"
#define PACKAGE_BUGREPORT "blottiere.paul@gmail.com"
#define PACKAGE_URL ""
#define PACKAGE "autotools"
#define VERSION "0.1"
#define STDC_HEADERS 1
#define HAVE_SYS_TYPES_H 1
#define HAVE_SYS_STAT_H 1
#define HAVE_STDLIB_H 1
#define HAVE_STRING_H 1
#define HAVE_MEMORY_H 1
#define HAVE_STRINGS_H 1
#define HAVE_INTTYPES_H 1
#define HAVE_STDINT_H 1
#define HAVE_UNISTD_H 1
#define HAVE_DLFCN_H 1
#define LT_OBJDIR ".libs/"

configure: exit 0

## ---------------------- ##
## Running config.status. ##
## ---------------------- ##

This file was extended by autotools config.status 0.1, which was
generated by GNU Autoconf 2.69.  Invocation command line was

  CONFIG_FILES    = 
  CONFIG_HEADERS  = 
  CONFIG_LINKS    = 
  CONFIG_COMMANDS = 
  $ ./config.status config.h

on tdell122.ensieta.ecole

config.status:1080: creating config.h
config.status:1261: config.h is unchanged
